<?xml version="1.0" encoding="UTF-8"?>
<!-- Generated by org.testng.reporters.JUnitXMLReporter -->
<testsuite hostname="RENTAL03" name="Tests" tests="2" failures="0" timestamp="20 May 2019 11:34:40 GMT" time="166.98" errors="0">
  <testcase name="CreatAProposal" time="160.099" classname="com.firstlife.scripts.return_simple_life_insurance.CreatProposalTest_01"/>
  <testcase name="CreatAProposal" time="160.099" classname="com.firstlife.scripts.return_simple_life_insurance.CreatProposalTest_01"/>
</testsuite> <!-- Tests -->
